This is pdfTeX, Version 3.14159265-2.6-1.40.16 (MiKTeX 2.9) (preloaded format=pdflatex 2015.11.22)  22 NOV 2015 18:23
entering extended mode
**tesibackbone.tex
(tesibackbone.tex
LaTeX2e <2015/10/01> patch level 2
Babel <3.9m> and hyphenation patterns for 69 languages loaded.
("C:\Program Files (x86)\MiKTeX 2.9\tex\latex\base\book.cls"
Document Class: book 2014/09/29 v1.4h Standard LaTeX document class
("C:\Program Files (x86)\MiKTeX 2.9\tex\latex\base\bk12.clo"
File: bk12.clo 2014/09/29 v1.4h Standard LaTeX file (size option)
)
\c@part=\count79
\c@chapter=\count80
\c@section=\count81
\c@subsection=\count82
\c@subsubsection=\count83
\c@paragraph=\count84
\c@subparagraph=\count85
\c@figure=\count86
\c@table=\count87
\abovecaptionskip=\skip41
\belowcaptionskip=\skip42
\bibindent=\dimen102
)
("C:\Program Files (x86)\MiKTeX 2.9\tex\generic\babel\babel.sty"
Package: babel 2015/08/03 3.9m The Babel package

*************************************
* Local config file bblopts.cfg used
*
("C:\Program Files (x86)\MiKTeX 2.9\tex\latex\00miktex\bblopts.cfg"
File: bblopts.cfg 2006/07/31 v1.0 MiKTeX 'babel' configuration
)
("C:\Program Files (x86)\MiKTeX 2.9\tex\latex\babel-italian\italian.ldf"
Language: italian 2015/03/26 v1.3n Italian support from the babel system

("C:\Program Files (x86)\MiKTeX 2.9\tex\generic\babel\babel.def"
File: babel.def 2015/08/03 3.9m Babel common definitions
\babel@savecnt=\count88
\U@D=\dimen103
)
\it@lettering=\count89
\it@doublequoteactive=\count90
\it@ISOcompliance=\count91
))
("C:\Program Files (x86)\MiKTeX 2.9\tex\latex\etoolbox\etoolbox.sty"
Package: etoolbox 2015/08/02 v2.2a e-TeX tools for LaTeX (JAW)
\etb@tempcnta=\count92
)
("C:\Program Files (x86)\MiKTeX 2.9\tex\latex\base\inputenc.sty"
Package: inputenc 2015/03/17 v1.2c Input encoding file
\inpenc@prehook=\toks14
\inpenc@posthook=\toks15

("C:\Program Files (x86)\MiKTeX 2.9\tex\latex\base\utf8.def"
File: utf8.def 2015/09/07 v1.1p UTF-8 support for inputenc
Now handling font encoding OML ...
... no UTF-8 mapping file for font encoding OML
Now handling font encoding T1 ...
... processing UTF-8 mapping file for font encoding T1

("C:\Program Files (x86)\MiKTeX 2.9\tex\latex\base\t1enc.dfu"
File: t1enc.dfu 2015/09/07 v1.1p UTF-8 support for inputenc
   defining Unicode char U+00A0 (decimal 160)
   defining Unicode char U+00A1 (decimal 161)
   defining Unicode char U+00A3 (decimal 163)
   defining Unicode char U+00AB (decimal 171)
   defining Unicode char U+00AD (decimal 173)
   defining Unicode char U+00BB (decimal 187)
   defining Unicode char U+00BF (decimal 191)
   defining Unicode char U+00C0 (decimal 192)
   defining Unicode char U+00C1 (decimal 193)
   defining Unicode char U+00C2 (decimal 194)
   defining Unicode char U+00C3 (decimal 195)
   defining Unicode char U+00C4 (decimal 196)
   defining Unicode char U+00C5 (decimal 197)
   defining Unicode char U+00C6 (decimal 198)
   defining Unicode char U+00C7 (decimal 199)
   defining Unicode char U+00C8 (decimal 200)
   defining Unicode char U+00C9 (decimal 201)
   defining Unicode char U+00CA (decimal 202)
   defining Unicode char U+00CB (decimal 203)
   defining Unicode char U+00CC (decimal 204)
   defining Unicode char U+00CD (decimal 205)
   defining Unicode char U+00CE (decimal 206)
   defining Unicode char U+00CF (decimal 207)
   defining Unicode char U+00D0 (decimal 208)
   defining Unicode char U+00D1 (decimal 209)
   defining Unicode char U+00D2 (decimal 210)
   defining Unicode char U+00D3 (decimal 211)
   defining Unicode char U+00D4 (decimal 212)
   defining Unicode char U+00D5 (decimal 213)
   defining Unicode char U+00D6 (decimal 214)
   defining Unicode char U+00D8 (decimal 216)
   defining Unicode char U+00D9 (decimal 217)
   defining Unicode char U+00DA (decimal 218)
   defining Unicode char U+00DB (decimal 219)
   defining Unicode char U+00DC (decimal 220)
   defining Unicode char U+00DD (decimal 221)
   defining Unicode char U+00DE (decimal 222)
   defining Unicode char U+00DF (decimal 223)
   defining Unicode char U+00E0 (decimal 224)
   defining Unicode char U+00E1 (decimal 225)
   defining Unicode char U+00E2 (decimal 226)
   defining Unicode char U+00E3 (decimal 227)
   defining Unicode char U+00E4 (decimal 228)
   defining Unicode char U+00E5 (decimal 229)
   defining Unicode char U+00E6 (decimal 230)
   defining Unicode char U+00E7 (decimal 231)
   defining Unicode char U+00E8 (decimal 232)
   defining Unicode char U+00E9 (decimal 233)
   defining Unicode char U+00EA (decimal 234)
   defining Unicode char U+00EB (decimal 235)
   defining Unicode char U+00EC (decimal 236)
   defining Unicode char U+00ED (decimal 237)
   defining Unicode char U+00EE (decimal 238)
   defining Unicode char U+00EF (decimal 239)
   defining Unicode char U+00F0 (decimal 240)
   defining Unicode char U+00F1 (decimal 241)
   defining Unicode char U+00F2 (decimal 242)
   defining Unicode char U+00F3 (decimal 243)
   defining Unicode char U+00F4 (decimal 244)
   defining Unicode char U+00F5 (decimal 245)
   defining Unicode char U+00F6 (decimal 246)
   defining Unicode char U+00F8 (decimal 248)
   defining Unicode char U+00F9 (decimal 249)
   defining Unicode char U+00FA (decimal 250)
   defining Unicode char U+00FB (decimal 251)
   defining Unicode char U+00FC (decimal 252)
   defining Unicode char U+00FD (decimal 253)
   defining Unicode char U+00FE (decimal 254)
   defining Unicode char U+00FF (decimal 255)
   defining Unicode char U+0102 (decimal 258)
   defining Unicode char U+0103 (decimal 259)
   defining Unicode char U+0104 (decimal 260)
   defining Unicode char U+0105 (decimal 261)
   defining Unicode char U+0106 (decimal 262)
   defining Unicode char U+0107 (decimal 263)
   defining Unicode char U+010C (decimal 268)
   defining Unicode char U+010D (decimal 269)
   defining Unicode char U+010E (decimal 270)
   defining Unicode char U+010F (decimal 271)
   defining Unicode char U+0110 (decimal 272)
   defining Unicode char U+0111 (decimal 273)
   defining Unicode char U+0118 (decimal 280)
   defining Unicode char U+0119 (decimal 281)
   defining Unicode char U+011A (decimal 282)
   defining Unicode char U+011B (decimal 283)
   defining Unicode char U+011E (decimal 286)
   defining Unicode char U+011F (decimal 287)
   defining Unicode char U+0130 (decimal 304)
   defining Unicode char U+0131 (decimal 305)
   defining Unicode char U+0132 (decimal 306)
   defining Unicode char U+0133 (decimal 307)
   defining Unicode char U+0139 (decimal 313)
   defining Unicode char U+013A (decimal 314)
   defining Unicode char U+013D (decimal 317)
   defining Unicode char U+013E (decimal 318)
   defining Unicode char U+0141 (decimal 321)
   defining Unicode char U+0142 (decimal 322)
   defining Unicode char U+0143 (decimal 323)
   defining Unicode char U+0144 (decimal 324)
   defining Unicode char U+0147 (decimal 327)
   defining Unicode char U+0148 (decimal 328)
   defining Unicode char U+014A (decimal 330)
   defining Unicode char U+014B (decimal 331)
   defining Unicode char U+0150 (decimal 336)
   defining Unicode char U+0151 (decimal 337)
   defining Unicode char U+0152 (decimal 338)
   defining Unicode char U+0153 (decimal 339)
   defining Unicode char U+0154 (decimal 340)
   defining Unicode char U+0155 (decimal 341)
   defining Unicode char U+0158 (decimal 344)
   defining Unicode char U+0159 (decimal 345)
   defining Unicode char U+015A (decimal 346)
   defining Unicode char U+015B (decimal 347)
   defining Unicode char U+015E (decimal 350)
   defining Unicode char U+015F (decimal 351)
   defining Unicode char U+0160 (decimal 352)
   defining Unicode char U+0161 (decimal 353)
   defining Unicode char U+0162 (decimal 354)
   defining Unicode char U+0163 (decimal 355)
   defining Unicode char U+0164 (decimal 356)
   defining Unicode char U+0165 (decimal 357)
   defining Unicode char U+016E (decimal 366)
   defining Unicode char U+016F (decimal 367)
   defining Unicode char U+0170 (decimal 368)
   defining Unicode char U+0171 (decimal 369)
   defining Unicode char U+0174 (decimal 372)
   defining Unicode char U+0175 (decimal 373)
   defining Unicode char U+0176 (decimal 374)
   defining Unicode char U+0177 (decimal 375)
   defining Unicode char U+0178 (decimal 376)
   defining Unicode char U+0179 (decimal 377)
   defining Unicode char U+017A (decimal 378)
   defining Unicode char U+017B (decimal 379)
   defining Unicode char U+017C (decimal 380)
   defining Unicode char U+017D (decimal 381)
   defining Unicode char U+017E (decimal 382)
   defining Unicode char U+0218 (decimal 536)
   defining Unicode char U+0219 (decimal 537)
   defining Unicode char U+021A (decimal 538)
   defining Unicode char U+021B (decimal 539)
   defining Unicode char U+200C (decimal 8204)
   defining Unicode char U+2013 (decimal 8211)
   defining Unicode char U+2014 (decimal 8212)
   defining Unicode char U+2018 (decimal 8216)
   defining Unicode char U+2019 (decimal 8217)
   defining Unicode char U+201A (decimal 8218)
   defining Unicode char U+201C (decimal 8220)
   defining Unicode char U+201D (decimal 8221)
   defining Unicode char U+201E (decimal 8222)
   defining Unicode char U+2030 (decimal 8240)
   defining Unicode char U+2031 (decimal 8241)
   defining Unicode char U+2039 (decimal 8249)
   defining Unicode char U+203A (decimal 8250)
   defining Unicode char U+2423 (decimal 9251)
)
Now handling font encoding OT1 ...
... processing UTF-8 mapping file for font encoding OT1

("C:\Program Files (x86)\MiKTeX 2.9\tex\latex\base\ot1enc.dfu"
File: ot1enc.dfu 2015/09/07 v1.1p UTF-8 support for inputenc
   defining Unicode char U+00A0 (decimal 160)
   defining Unicode char U+00A1 (decimal 161)
   defining Unicode char U+00A3 (decimal 163)
   defining Unicode char U+00AD (decimal 173)
   defining Unicode char U+00B8 (decimal 184)
   defining Unicode char U+00BF (decimal 191)
   defining Unicode char U+00C5 (decimal 197)
   defining Unicode char U+00C6 (decimal 198)
   defining Unicode char U+00D8 (decimal 216)
   defining Unicode char U+00DF (decimal 223)
   defining Unicode char U+00E6 (decimal 230)
   defining Unicode char U+00EC (decimal 236)
   defining Unicode char U+00ED (decimal 237)
   defining Unicode char U+00EE (decimal 238)
   defining Unicode char U+00EF (decimal 239)
   defining Unicode char U+00F8 (decimal 248)
   defining Unicode char U+0131 (decimal 305)
   defining Unicode char U+0141 (decimal 321)
   defining Unicode char U+0142 (decimal 322)
   defining Unicode char U+0152 (decimal 338)
   defining Unicode char U+0153 (decimal 339)
   defining Unicode char U+0174 (decimal 372)
   defining Unicode char U+0175 (decimal 373)
   defining Unicode char U+0176 (decimal 374)
   defining Unicode char U+0177 (decimal 375)
   defining Unicode char U+0218 (decimal 536)
   defining Unicode char U+0219 (decimal 537)
   defining Unicode char U+021A (decimal 538)
   defining Unicode char U+021B (decimal 539)
   defining Unicode char U+2013 (decimal 8211)
   defining Unicode char U+2014 (decimal 8212)
   defining Unicode char U+2018 (decimal 8216)
   defining Unicode char U+2019 (decimal 8217)
   defining Unicode char U+201C (decimal 8220)
   defining Unicode char U+201D (decimal 8221)
)
Now handling font encoding OMS ...
... processing UTF-8 mapping file for font encoding OMS

("C:\Program Files (x86)\MiKTeX 2.9\tex\latex\base\omsenc.dfu"
File: omsenc.dfu 2015/09/07 v1.1p UTF-8 support for inputenc
   defining Unicode char U+00A7 (decimal 167)
   defining Unicode char U+00B6 (decimal 182)
   defining Unicode char U+00B7 (decimal 183)
   defining Unicode char U+2020 (decimal 8224)
   defining Unicode char U+2021 (decimal 8225)
   defining Unicode char U+2022 (decimal 8226)
)
Now handling font encoding OMX ...
... no UTF-8 mapping file for font encoding OMX
Now handling font encoding U ...
... no UTF-8 mapping file for font encoding U
   defining Unicode char U+00A9 (decimal 169)
   defining Unicode char U+00AA (decimal 170)
   defining Unicode char U+00AE (decimal 174)
   defining Unicode char U+00BA (decimal 186)
   defining Unicode char U+02C6 (decimal 710)
   defining Unicode char U+02DC (decimal 732)
   defining Unicode char U+200C (decimal 8204)
   defining Unicode char U+2026 (decimal 8230)
   defining Unicode char U+2122 (decimal 8482)
   defining Unicode char U+2423 (decimal 9251)
))
("C:\Program Files (x86)\MiKTeX 2.9\tex\latex\amsfonts\amssymb.sty"
Package: amssymb 2013/01/14 v3.01 AMS font symbols

("C:\Program Files (x86)\MiKTeX 2.9\tex\latex\amsfonts\amsfonts.sty"
Package: amsfonts 2013/01/14 v3.01 Basic AMSFonts support
\@emptytoks=\toks16
\symAMSa=\mathgroup4
\symAMSb=\mathgroup5
LaTeX Font Info:    Overwriting math alphabet `\mathfrak' in version `bold'
(Font)                  U/euf/m/n --> U/euf/b/n on input line 106.
))
("C:\Program Files (x86)\MiKTeX 2.9\tex\latex\amsmath\amsmath.sty"
Package: amsmath 2013/01/14 v2.14 AMS math features
\@mathmargin=\skip43

For additional information on amsmath, use the `?' option.
("C:\Program Files (x86)\MiKTeX 2.9\tex\latex\amsmath\amstext.sty"
Package: amstext 2000/06/29 v2.01

("C:\Program Files (x86)\MiKTeX 2.9\tex\latex\amsmath\amsgen.sty"
File: amsgen.sty 1999/11/30 v2.0
\@emptytoks=\toks17
\ex@=\dimen104
))
("C:\Program Files (x86)\MiKTeX 2.9\tex\latex\amsmath\amsbsy.sty"
Package: amsbsy 1999/11/29 v1.2d
\pmbraise@=\dimen105
)
("C:\Program Files (x86)\MiKTeX 2.9\tex\latex\amsmath\amsopn.sty"
Package: amsopn 1999/12/14 v2.01 operator names
)
\inf@bad=\count93
LaTeX Info: Redefining \frac on input line 210.
\uproot@=\count94
\leftroot@=\count95
LaTeX Info: Redefining \overline on input line 306.
\classnum@=\count96
\DOTSCASE@=\count97
LaTeX Info: Redefining \ldots on input line 378.
LaTeX Info: Redefining \dots on input line 381.
LaTeX Info: Redefining \cdots on input line 466.
\Mathstrutbox@=\box26
\strutbox@=\box27
\big@size=\dimen106
LaTeX Font Info:    Redeclaring font encoding OML on input line 566.
LaTeX Font Info:    Redeclaring font encoding OMS on input line 567.
\macc@depth=\count98
\c@MaxMatrixCols=\count99
\dotsspace@=\muskip10
\c@parentequation=\count100
\dspbrk@lvl=\count101
\tag@help=\toks18
\row@=\count102
\column@=\count103
\maxfields@=\count104
\andhelp@=\toks19
\eqnshift@=\dimen107
\alignsep@=\dimen108
\tagshift@=\dimen109
\tagwidth@=\dimen110
\totwidth@=\dimen111
\lineht@=\dimen112
\@envbody=\toks20
\multlinegap=\skip44
\multlinetaggap=\skip45
\mathdisplay@stack=\toks21
LaTeX Info: Redefining \[ on input line 2665.
LaTeX Info: Redefining \] on input line 2666.
)
("C:\Program Files (x86)\MiKTeX 2.9\tex\latex\graphics\graphicx.sty"
Package: graphicx 2014/10/28 v1.0g Enhanced LaTeX Graphics (DPC,SPQR)

("C:\Program Files (x86)\MiKTeX 2.9\tex\latex\graphics\keyval.sty"
Package: keyval 2014/10/28 v1.15 key=value parser (DPC)
\KV@toks@=\toks22
)
("C:\Program Files (x86)\MiKTeX 2.9\tex\latex\graphics\graphics.sty"
Package: graphics 2014/10/28 v1.0p Standard LaTeX Graphics (DPC,SPQR)

("C:\Program Files (x86)\MiKTeX 2.9\tex\latex\graphics\trig.sty"
Package: trig 1999/03/16 v1.09 sin cos tan (DPC)
)
("C:\Program Files (x86)\MiKTeX 2.9\tex\latex\00miktex\graphics.cfg"
File: graphics.cfg 2007/01/18 v1.5 graphics configuration of teTeX/TeXLive
)
Package graphics Info: Driver file: pdftex.def on input line 94.

("C:\Program Files (x86)\MiKTeX 2.9\tex\latex\pdftex-def\pdftex.def"
File: pdftex.def 2011/05/27 v0.06d Graphics/color for pdfTeX

("C:\Program Files (x86)\MiKTeX 2.9\tex\generic\oberdiek\infwarerr.sty"
Package: infwarerr 2010/04/08 v1.3 Providing info/warning/error messages (HO)
)
("C:\Program Files (x86)\MiKTeX 2.9\tex\generic\oberdiek\ltxcmds.sty"
Package: ltxcmds 2011/11/09 v1.22 LaTeX kernel commands for general use (HO)
)
\Gread@gobject=\count105
))
\Gin@req@height=\dimen113
\Gin@req@width=\dimen114
)
("C:\Program Files (x86)\MiKTeX 2.9\tex\latex\tools\enumerate.sty"
Package: enumerate 2015/07/23 v3.00 enumerate extensions (DPC)
\@enLab=\toks23
)
("C:\Program Files (x86)\MiKTeX 2.9\tex\latex\fancyhdr\fancyhdr.sty"
\fancy@headwidth=\skip46
\f@ncyO@elh=\skip47
\f@ncyO@erh=\skip48
\f@ncyO@olh=\skip49
\f@ncyO@orh=\skip50
\f@ncyO@elf=\skip51
\f@ncyO@erf=\skip52
\f@ncyO@olf=\skip53
\f@ncyO@orf=\skip54
)
("C:\Program Files (x86)\MiKTeX 2.9\tex\latex\caption\caption.sty"
Package: caption 2015/09/17 v3.3-111 Customizing captions (AR)

("C:\Program Files (x86)\MiKTeX 2.9\tex\latex\caption\caption3.sty"
Package: caption3 2015/09/20 v1.7-115 caption3 kernel (AR)
Package caption3 Info: TeX engine: e-TeX on input line 57.
\captionmargin=\dimen115
\captionmargin@=\dimen116
\captionwidth=\dimen117
\caption@tempdima=\dimen118
\caption@indent=\dimen119
\caption@parindent=\dimen120
\caption@hangindent=\dimen121
)
\c@ContinuedFloat=\count106
)
("C:\Program Files (x86)\MiKTeX 2.9\tex\latex\minitoc\minitoc.sty"
Package: minitoc 2015/07/13 v61 Package minitoc

("C:\Program Files (x86)\MiKTeX 2.9\tex\latex\minitoc\mtcmess.sty"
Package: mtcmess 2006/03/14
)
Package minitoc Info: I0001
(minitoc)             *** minitoc package, version 61 ***.
\tf@mtc=\write3
\mtcindent=\skip55
\mtcskipamount=\skip56
Package minitoc Info: I0005
(minitoc)             compatible with hyperref.
Package minitoc Info: I0023
(minitoc)             part level macros available.
Package minitoc Info: I0003
(minitoc)             chapter level macros available.
\mtc@toks=\toks24
\mtc@strutbox=\box28
\mtc@hstrutbox=\box29
Package minitoc Info: I0002
(minitoc)             Autoconfiguration of extensions.

(tesibackbone.mtc0)
Package minitoc Info: I0012
(minitoc)             Long extensions (Unix-like) will be used.
Package minitoc Info: I0031
(minitoc)             ==> this version is configured for UNIX-like 
(minitoc)                 (long extensions) file names.
\c@mtc=\count107
\c@minitocdepth=\count108
\c@ptc=\count109
\c@parttocdepth=\count110
\ptcindent=\skip57
Package minitoc Info: I0010
(minitoc)             The english language is selected.
(minitoc)              on input line 4909.

("C:\Program Files (x86)\MiKTeX 2.9\tex\latex\minitoc\english.mld"
File: english.mld 2006/01/13
)
("C:\Program Files (x86)\MiKTeX 2.9\tex\latex\minitoc\english.mld"
File: english.mld 2006/01/13
)
Package minitoc Info: I0010
(minitoc)             The italian language is selected.
(minitoc)              on input line 4910.

("C:\Program Files (x86)\MiKTeX 2.9\tex\latex\minitoc\italian.mld"
File: italian.mld 2006/01/13
))
("C:\Program Files (x86)\MiKTeX 2.9\tex\latex\layaureo\layaureo.sty"
Package: layaureo 2004/09/16 v0.2

("C:\Program Files (x86)\MiKTeX 2.9\tex\latex\geometry\geometry.sty"
Package: geometry 2010/09/12 v5.6 Page Geometry

("C:\Program Files (x86)\MiKTeX 2.9\tex\generic\oberdiek\ifpdf.sty"
Package: ifpdf 2011/01/30 v2.3 Provides the ifpdf switch (HO)
Package ifpdf Info: pdfTeX in PDF mode is detected.
)
("C:\Program Files (x86)\MiKTeX 2.9\tex\generic\oberdiek\ifvtex.sty"
Package: ifvtex 2010/03/01 v1.5 Detect VTeX and its facilities (HO)
Package ifvtex Info: VTeX not detected.
)
("C:\Program Files (x86)\MiKTeX 2.9\tex\generic\ifxetex\ifxetex.sty"
Package: ifxetex 2010/09/12 v0.6 Provides ifxetex conditional
)
\Gm@cnth=\count111
\Gm@cntv=\count112
\c@Gm@tempcnt=\count113
\Gm@bindingoffset=\dimen122
\Gm@wd@mp=\dimen123
\Gm@odd@mp=\dimen124
\Gm@even@mp=\dimen125
\Gm@layoutwidth=\dimen126
\Gm@layoutheight=\dimen127
\Gm@layouthoffset=\dimen128
\Gm@layoutvoffset=\dimen129
\Gm@dimlist=\toks25

("C:\Program Files (x86)\MiKTeX 2.9\tex\latex\geometry\geometry.cfg"))
("C:\Program Files (x86)\MiKTeX 2.9\tex\latex\tools\calc.sty"
Package: calc 2014/10/28 v4.3 Infix arithmetic (KKT,FJ)
\calc@Acount=\count114
\calc@Bcount=\count115
\calc@Adimen=\dimen130
\calc@Bdimen=\dimen131
\calc@Askip=\skip58
\calc@Bskip=\skip59
LaTeX Info: Redefining \setlength on input line 80.
LaTeX Info: Redefining \addtolength on input line 81.
\calc@Ccount=\count116
\calc@Cskip=\skip60
)
\LA@MargineRilegatura=\skip61
\LA@LarghezzaTesto=\skip62
\LA@AltezzaTesto=\skip63
\LA@MargineSinistro=\skip64
\LA@MargineSuperiore=\skip65
)
("C:\Program Files (x86)\MiKTeX 2.9\tex\latex\threeparttable\threeparttable.sty
"
Package: threeparttable 2003/06/13  v 3.0
\@tempboxb=\box30
) ("C:\Program Files (x86)\MiKTeX 2.9\tex\latex\tools\longtable.sty"
Package: longtable 2014/10/28 v4.11 Multi-page Table package (DPC)
\LTleft=\skip66
\LTright=\skip67
\LTpre=\skip68
\LTpost=\skip69
\LTchunksize=\count117
\LTcapwidth=\dimen132
\LT@head=\box31
\LT@firsthead=\box32
\LT@foot=\box33
\LT@lastfoot=\box34
\LT@cols=\count118
\LT@rows=\count119
\c@LT@tables=\count120
\c@LT@chunks=\count121
\LT@p@ftn=\toks26
)
("C:\Program Files (x86)\MiKTeX 2.9\tex\latex\multirow\multirow.sty"
\bigstrutjot=\dimen133
)
("C:\Program Files (x86)\MiKTeX 2.9\tex\latex\tools\array.sty"
Package: array 2014/10/28 v2.4c Tabular extension package (FMi)
\col@sep=\dimen134
\extrarowheight=\dimen135
\NC@list=\toks27
\extratabsurround=\skip70
\backup@length=\skip71
)
("C:\Program Files (x86)\MiKTeX 2.9\tex\latex\graphics\color.sty"
Package: color 2014/10/28 v1.1a Standard LaTeX Color (DPC)

("C:\Program Files (x86)\MiKTeX 2.9\tex\latex\00miktex\color.cfg"
File: color.cfg 2007/01/18 v1.5 color configuration of teTeX/TeXLive
)
Package color Info: Driver file: pdftex.def on input line 142.
)
("C:\Program Files (x86)\MiKTeX 2.9\tex\latex\comment\comment.sty"
\CommentStream=\write4

Excluding comment 'comment')
("C:\Program Files (x86)\MiKTeX 2.9\tex\latex\ulem\ulem.sty"
\UL@box=\box35
\UL@hyphenbox=\box36
\UL@skip=\skip72
\UL@hook=\toks28
\UL@height=\dimen136
\UL@pe=\count122
\UL@pixel=\dimen137
\ULC@box=\box37
Package: ulem 2012/05/18
\ULdepth=\dimen138
)
("C:\Program Files (x86)\MiKTeX 2.9\tex\latex\csquotes\csquotes.sty"
Package: csquotes 2015/07/18 v5.1f context-sensitive quotations (JAW)
\csq@reset=\count123
\csq@gtype=\count124
\csq@glevel=\count125
\csq@qlevel=\count126
\csq@maxlvl=\count127
\csq@tshold=\count128
\csq@ltx@everypar=\toks29

("C:\Program Files (x86)\MiKTeX 2.9\tex\latex\csquotes\csquotes.def"
File: csquotes.def 2015/07/18 v5.1f csquotes generic definitions (JAW)
)
Package csquotes Info: Trying to load configuration file 'csquotes.cfg'...
Package csquotes Info: ... configuration file loaded successfully.

("C:\Program Files (x86)\MiKTeX 2.9\tex\latex\csquotes\csquotes.cfg"
File: csquotes.cfg 
))
("C:\Program Files (x86)\MiKTeX 2.9\tex\latex\biblatex\biblatex.sty"
Package: biblatex 2015/10/21 v3.1 programmable bibliographies (PK/JW/AB)

("C:\Program Files (x86)\MiKTeX 2.9\tex\latex\biblatex\biblatex2.sty"
Package: biblatex2 2015/10/21 v3.1 programmable bibliographies (biber) (PK/JW/A
B)

("C:\Program Files (x86)\MiKTeX 2.9\tex\latex\oberdiek\kvoptions.sty"
Package: kvoptions 2011/06/30 v3.11 Key value format for package options (HO)

("C:\Program Files (x86)\MiKTeX 2.9\tex\generic\oberdiek\kvsetkeys.sty"
Package: kvsetkeys 2012/04/25 v1.16 Key value parser (HO)

("C:\Program Files (x86)\MiKTeX 2.9\tex\generic\oberdiek\etexcmds.sty"
Package: etexcmds 2011/02/16 v1.5 Avoid name clashes with e-TeX commands (HO)

("C:\Program Files (x86)\MiKTeX 2.9\tex\generic\oberdiek\ifluatex.sty"
Package: ifluatex 2010/03/01 v1.3 Provides the ifluatex switch (HO)
Package ifluatex Info: LuaTeX not detected.
)
Package etexcmds Info: Could not find \expanded.
(etexcmds)             That can mean that you are not using pdfTeX 1.50 or
(etexcmds)             that some package has redefined \expanded.
(etexcmds)             In the latter case, load this package earlier.
)))
("C:\Program Files (x86)\MiKTeX 2.9\tex\latex\logreq\logreq.sty"
Package: logreq 2010/08/04 v1.0 xml request logger
\lrq@indent=\count129

("C:\Program Files (x86)\MiKTeX 2.9\tex\latex\logreq\logreq.def"
File: logreq.def 2010/08/04 v1.0 logreq spec v1.0
))
("C:\Program Files (x86)\MiKTeX 2.9\tex\latex\base\ifthen.sty"
Package: ifthen 2014/09/29 v1.1c Standard LaTeX ifthen package (DPC)
)
("C:\Program Files (x86)\MiKTeX 2.9\tex\latex\url\url.sty"
\Urlmuskip=\muskip11
Package: url 2013/09/16  ver 3.4  Verb mode for urls, etc.
)
\c@tabx@nest=\count130
\c@listtotal=\count131
\c@listcount=\count132
\c@liststart=\count133
\c@liststop=\count134
\c@citecount=\count135
\c@citetotal=\count136
\c@multicitecount=\count137
\c@multicitetotal=\count138
\c@instcount=\count139
\c@maxnames=\count140
\c@minnames=\count141
\c@maxitems=\count142
\c@minitems=\count143
\c@citecounter=\count144
\c@savedcitecounter=\count145
\c@uniquelist=\count146
\c@uniquename=\count147
\c@refsection=\count148
\c@refsegment=\count149
\c@maxextratitle=\count150
\c@maxextratitleyear=\count151
\c@maxextrayear=\count152
\c@maxextraalpha=\count153
\c@abbrvpenalty=\count154
\c@highnamepenalty=\count155
\c@lownamepenalty=\count156
\c@maxparens=\count157
\c@parenlevel=\count158
\blx@tempcnta=\count159
\blx@tempcntb=\count160
\blx@tempcntc=\count161
\blx@maxsection=\count162
\blx@maxsegment@0=\count163
\blx@notetype=\count164
\blx@parenlevel@text=\count165
\blx@parenlevel@foot=\count166
\blx@sectionciteorder@0=\count167
\labelnumberwidth=\skip73
\labelalphawidth=\skip74
\biblabelsep=\skip75
\bibitemsep=\skip76
\bibnamesep=\skip77
\bibinitsep=\skip78
\bibparsep=\skip79
\bibhang=\skip80
\blx@bcfin=\read1
\blx@bcfout=\write5
\c@mincomprange=\count168
\c@maxcomprange=\count169
\c@mincompwidth=\count170
Package biblatex Info: Trying to load biblatex default data model...
Package biblatex Info: ... file 'blx-dm.def' found.

("C:\Program Files (x86)\MiKTeX 2.9\tex\latex\biblatex\blx-dm.def")
Package biblatex Info: Trying to load biblatex style data model...
Package biblatex Info: ... file 'ieee.dbx' not found.
Package biblatex Info: Trying to load biblatex custom data model...
Package biblatex Info: ... file 'biblatex-dm.cfg' not found.
\c@afterword=\count171
\c@savedafterword=\count172
\c@annotator=\count173
\c@savedannotator=\count174
\c@author=\count175
\c@savedauthor=\count176
\c@bookauthor=\count177
\c@savedbookauthor=\count178
\c@commentator=\count179
\c@savedcommentator=\count180
\c@editor=\count181
\c@savededitor=\count182
\c@editora=\count183
\c@savededitora=\count184
\c@editorb=\count185
\c@savededitorb=\count186
\c@editorc=\count187
\c@savededitorc=\count188
\c@foreword=\count189
\c@savedforeword=\count190
\c@holder=\count191
\c@savedholder=\count192
\c@introduction=\count193
\c@savedintroduction=\count194
\c@namea=\count195
\c@savednamea=\count196
\c@nameb=\count197
\c@savednameb=\count198
\c@namec=\count199
\c@savednamec=\count266
\c@translator=\count267
\c@savedtranslator=\count268
\c@shortauthor=\count269
\c@savedshortauthor=\count270
\c@shorteditor=\count271
\c@savedshorteditor=\count272
\c@labelname=\count273
\c@savedlabelname=\count274
\c@institution=\count275
\c@savedinstitution=\count276
\c@lista=\count277
\c@savedlista=\count278
\c@listb=\count279
\c@savedlistb=\count280
\c@listc=\count281
\c@savedlistc=\count282
\c@listd=\count283
\c@savedlistd=\count284
\c@liste=\count285
\c@savedliste=\count286
\c@listf=\count287
\c@savedlistf=\count288
\c@location=\count289
\c@savedlocation=\count290
\c@organization=\count291
\c@savedorganization=\count292
\c@origlocation=\count293
\c@savedoriglocation=\count294
\c@origpublisher=\count295
\c@savedorigpublisher=\count296
\c@publisher=\count297
\c@savedpublisher=\count298
\c@language=\count299
\c@savedlanguage=\count300
\c@pageref=\count301
\c@savedpageref=\count302
\shorthandwidth=\skip81
\shortjournalwidth=\skip82
\shortserieswidth=\skip83
\shorttitlewidth=\skip84
\shortauthorwidth=\skip85
\shorteditorwidth=\skip86
Package biblatex Info: Trying to load compatibility code...
Package biblatex Info: ... file 'blx-compat.def' found.

("C:\Program Files (x86)\MiKTeX 2.9\tex\latex\biblatex\blx-compat.def"
File: blx-compat.def 2015/10/21 v3.1 biblatex compatibility (PK/JW/AB)
)
Package biblatex Info: Trying to load generic definitions...
Package biblatex Info: ... file 'biblatex.def' found.

("C:\Program Files (x86)\MiKTeX 2.9\tex\latex\biblatex\biblatex.def"
File: biblatex.def 
\c@textcitecount=\count303
\c@textcitetotal=\count304
\c@textcitemaxnames=\count305
\c@biburlnumpenalty=\count306
\c@biburlucpenalty=\count307
\c@biburllcpenalty=\count308
\c@smartand=\count309
)
Package biblatex Info: Trying to load bibliography style 'ieee'...
Package biblatex Info: ... file 'ieee.bbx' found.

("C:\Program Files (x86)\MiKTeX 2.9\tex\latex\biblatex-ieee\ieee.bbx"
File: ieee.bbx 2015/03/12 v1.1k biblatex bibliography style
Package biblatex Info: Trying to load bibliography style 'numeric-comp'...
Package biblatex Info: ... file 'numeric-comp.bbx' found.

("C:\Program Files (x86)\MiKTeX 2.9\tex\latex\biblatex\bbx\numeric-comp.bbx"
File: numeric-comp.bbx 2015/10/21 v3.1 biblatex bibliography style (PK/JW/AB)
Package biblatex Info: Trying to load bibliography style 'numeric'...
Package biblatex Info: ... file 'numeric.bbx' found.

("C:\Program Files (x86)\MiKTeX 2.9\tex\latex\biblatex\bbx\numeric.bbx"
File: numeric.bbx 2015/10/21 v3.1 biblatex bibliography style (PK/JW/AB)
Package biblatex Info: Trying to load bibliography style 'standard'...
Package biblatex Info: ... file 'standard.bbx' found.

("C:\Program Files (x86)\MiKTeX 2.9\tex\latex\biblatex\bbx\standard.bbx"
File: standard.bbx 2015/10/21 v3.1 biblatex bibliography style (PK/JW/AB)
\c@bbx:relatedcount=\count310
\c@bbx:relatedtotal=\count311
))))
Package biblatex Info: Trying to load citation style 'ieee'...
Package biblatex Info: ... file 'ieee.cbx' found.

("C:\Program Files (x86)\MiKTeX 2.9\tex\latex\biblatex-ieee\ieee.cbx"
File: ieee.cbx 2015/03/12 v1.1k biblatex citation style
Package biblatex Info: Trying to load citation style 'numeric-comp'...
Package biblatex Info: ... file 'numeric-comp.cbx' found.

("C:\Program Files (x86)\MiKTeX 2.9\tex\latex\biblatex\cbx\numeric-comp.cbx"
File: numeric-comp.cbx 2015/10/21 v3.1 biblatex citation style (PK/JW/AB)
\c@cbx@tempcnta=\count312
\c@cbx@tempcntb=\count313
Package biblatex Info: Redefining '\cite'.
Package biblatex Info: Redefining '\parencite'.
Package biblatex Info: Redefining '\footcite'.
Package biblatex Info: Redefining '\footcitetext'.
Package biblatex Info: Redefining '\smartcite'.
Package biblatex Info: Redefining '\supercite'.
Package biblatex Info: Redefining '\textcite'.
Package biblatex Info: Redefining '\textcites'.
Package biblatex Info: Redefining '\cites'.
Package biblatex Info: Redefining '\parencites'.
Package biblatex Info: Redefining '\smartcites'.
)
Package biblatex Info: Redefining '\cite'.
Package biblatex Info: Redefining '\cites'.
)
Package biblatex Info: Trying to load configuration file...
Package biblatex Info: ... file 'biblatex.cfg' found.

("C:\Program Files (x86)\MiKTeX 2.9\tex\latex\biblatex\biblatex.cfg"
File: biblatex.cfg 
)))
Package csquotes Info: Checking for multilingual support...
Package csquotes Info: ... found 'babel' package.
Package csquotes Info: Adjusting default style.
Package csquotes Info: Redefining alias 'default' -> 'italian'.
Package biblatex Info: Trying to load language 'italian'...
Package biblatex Info: ... file 'italian.lbx' found.

("C:\Program Files (x86)\MiKTeX 2.9\tex\latex\biblatex\lbx\italian.lbx"
File: italian.lbx 2015/10/21 v3.1 biblatex localization (PK/JW/AB)
)
(tesibackbone.aux)
LaTeX Font Info:    Checking defaults for OML/cmm/m/it on input line 69.
LaTeX Font Info:    ... okay on input line 69.
LaTeX Font Info:    Checking defaults for T1/cmr/m/n on input line 69.
LaTeX Font Info:    ... okay on input line 69.
LaTeX Font Info:    Checking defaults for OT1/cmr/m/n on input line 69.
LaTeX Font Info:    ... okay on input line 69.
LaTeX Font Info:    Checking defaults for OMS/cmsy/m/n on input line 69.
LaTeX Font Info:    ... okay on input line 69.
LaTeX Font Info:    Checking defaults for OMX/cmex/m/n on input line 69.
LaTeX Font Info:    ... okay on input line 69.
LaTeX Font Info:    Checking defaults for U/cmr/m/n on input line 69.
LaTeX Font Info:    ... okay on input line 69.
LaTeX Info: Redefining \it@ocap on input line 69.
LaTeX Info: Redefining \it@ccap on input line 69.


File italian.ldf warning: 
italian.ldf    With OT1 encoding guillemets are poorly faked
italian.ldf    Use T1 encoding
italian.ldf    or specify a font with command \CaporaliFrom
italian.ldf    See the documentation concerning the babel-italian typesetting 
italian.ldf    on input line 69.

("C:\Program Files (x86)\MiKTeX 2.9\tex\context\base\supp-pdf.mkii"
[Loading MPS to PDF converter (version 2006.09.02).]
\scratchcounter=\count314
\scratchdimen=\dimen139
\scratchbox=\box38
\nofMPsegments=\count315
\nofMParguments=\count316
\everyMPshowfont=\toks30
\MPscratchCnt=\count317
\MPscratchDim=\dimen140
\MPnumerator=\count318
\makeMPintoPDFobject=\count319
\everyMPtoPDFconversion=\toks31
)
Package caption Info: Begin \AtBeginDocument code.
Package caption Info: longtable package is loaded.
 ("C:\Program Files (x86)\MiKTeX 2.9\tex\latex\caption\ltcaption.sty"
Package: ltcaption 2013/06/09 v1.4-94 longtable captions (AR)
)
Package caption Info: threeparttable package is loaded.
Package caption Info: End \AtBeginDocument code.
Package minitoc(hints) Info: I0049
(minitoc(hints))             ==> You requested the hints option. 
(minitoc(hints))             Some hints are eventually given below.


Package minitoc(hints) Warning: W0028
(minitoc(hints))                --- The \chapter command is altered 
(minitoc(hints))                after minitoc.

*geometry* driver: auto-detecting
*geometry* detected driver: pdftex
*geometry* verbose mode - [ preamble ] result:
* driver: pdftex
* paper: a4paper
* layout: <same size as paper>
* layoutoffset:(h,v)=(0.0pt,0.0pt)
* bindingoffset: 42.67912pt
* modes: twoside 
* h-part:(L,W,R)=(67.80325pt, 420.0pt, 67.0255pt)
* v-part:(T,H,B)=(68.5425pt, 679.57123pt, 96.93312pt)
* \paperwidth=597.50787pt
* \paperheight=845.04684pt
* \textwidth=420.0pt
* \textheight=679.57123pt
* \oddsidemargin=38.21239pt
* \evensidemargin=-5.24449pt
* \topmargin=-35.60129pt
* \headheight=14.5pt
* \headsep=19.8738pt
* \topskip=12.0pt
* \footskip=30.0pt
* \marginparwidth=88.0pt
* \marginparsep=7.0pt
* \columnsep=10.0pt
* \skip\footins=10.8pt plus 4.0pt minus 2.0pt
* \hoffset=0.0pt
* \voffset=0.0pt
* \mag=1000
* \@twocolumnfalse
* \@twosidetrue
* \@mparswitchtrue
* \@reversemarginfalse
* (1in=72.27pt=25.4mm, 1cm=28.453pt)

Package biblatex Info: Input encoding 'utf8' detected.
Package biblatex Info: Automatic encoding selection.
(biblatex)             Assuming data encoding 'utf8'.
Package biblatex Info: Trying to load bibliographic data...
Package biblatex Info: ... file 'tesibackbone.bbl' found.
(tesibackbone.bbl)
Package biblatex Info: Reference section=0 on input line 69.
Package biblatex Info: Reference segment=0 on input line 69.
Package minitoc Info: I0024
(minitoc)             PREPARING MINITOCS FROM tesibackbone.toc on input line 71
.
Package minitoc Info: I0033
(minitoc)             Writing tesibackbone.mtc1.
Package minitoc Info: I0033
(minitoc)             Writing tesibackbone.mtc2.
Package minitoc Info: I0033
(minitoc)             Writing tesibackbone.mtc3.
Package minitoc Info: I0033
(minitoc)             Writing tesibackbone.mtc4.
Package minitoc Info: I0033
(minitoc)             Writing tesibackbone.mtc5.
Package minitoc Info: I0033
(minitoc)             Writing tesibackbone.mtc6.
Package minitoc Info: I0033
(minitoc)             Writing tesibackbone.mtc7.
Package minitoc Info: I0033
(minitoc)             Writing tesibackbone.mtc8.
 (frontespizio/front.tex
<frontespizio/logo_aq.jpg, id=1, 365.365pt x 365.365pt>
File: frontespizio/logo_aq.jpg Graphic file (type jpg)

<use frontespizio/logo_aq.jpg>
Package pdftex.def Info: frontespizio/logo_aq.jpg used on input line 15.
(pdftex.def)             Requested size: 54.80238pt x 54.80238pt.

<frontespizio/logo_dept.jpg, id=3, 224.84pt x 224.84pt>
File: frontespizio/logo_dept.jpg Graphic file (type jpg)

<use frontespizio/logo_dept.jpg>
Package pdftex.def Info: frontespizio/logo_dept.jpg used on input line 16.
(pdftex.def)             Requested size: 56.20985pt x 56.20985pt.
LaTeX Font Info:    Try loading font information for U+msa on input line 47.

("C:\Program Files (x86)\MiKTeX 2.9\tex\latex\amsfonts\umsa.fd"
File: umsa.fd 2013/01/14 v3.01 AMS symbols A
)
LaTeX Font Info:    Try loading font information for U+msb on input line 47.

("C:\Program Files (x86)\MiKTeX 2.9\tex\latex\amsfonts\umsb.fd"
File: umsb.fd 2013/01/14 v3.01 AMS symbols B
) [1



{C:/Users/Alessandro/AppData/Local/MiKTeX/2.9/pdftex/config/pdftex.map} <./fron
tespizio/logo_aq.jpg> <./frontespizio/logo_dept.jpg>]) [2


] [3] (prefazione/prefazione.tex
[4

]) [5] [6

] (tesibackbone.toc)
\tf@toc=\write6
 [7] [8

] (cap1/cap1.tex
Capitolo 1.
Package minitoc Info: I0006
(minitoc)             tesibackbone.mtc2 is empty on input line 4.
) (cap2/cap2.tex [1

] [2

]
Capitolo 2.
(tesibackbone.mtc3)) (cap3/cap3.tex [3] [4

]
Capitolo 3.
(tesibackbone.mtc4)
Underfull \hbox (badness 10000) in paragraph at lines 3--4

 []

) (cap4/cap4.tex [5] [6

]
Capitolo 4.
(tesibackbone.mtc5)
Underfull \hbox (badness 10000) in paragraph at lines 3--4

 []

) (cap5/cap5.tex [7] [8

]
Capitolo 5.
Package minitoc Info: I0006
(minitoc)             tesibackbone.mtc6 is empty on input line 3.
[9] [10

]
LaTeX Font Info:    Try loading font information for OMS+cmr on input line 13.
 ("C:\Program Files (x86)\MiKTeX 2.9\tex\latex\base\omscmr.fd"
File: omscmr.fd 2014/09/29 v2.5h Standard LaTeX font definitions
)
LaTeX Font Info:    Font shape `OMS/cmr/m/n' in size <12> not available
(Font)              Font shape `OMS/cmsy/m/n' tried instead on input line 13.

[11] [12

]
Underfull \hbox (badness 10000) in paragraph at lines 20--21

 []


Underfull \hbox (badness 10000) in paragraph at lines 22--23

 []


Underfull \hbox (badness 10000) in paragraph at lines 24--25

 []

) [13] [14

]
Package minitoc Info: I0009
(minitoc)             Listing minitoc auxiliary files. 
(minitoc)             Creating the tesibackbone.maf file.


Package minitoc(hints) Warning: W0024
(minitoc(hints))                Some hints have been written 
(minitoc(hints))                in the tesibackbone.log file.

[15] (tesibackbone.aux)
Package logreq Info: Writing requests to 'tesibackbone.run.xml'.
 ) 
Here is how much of TeX's memory you used:
 12612 strings out of 493636
 198928 string characters out of 3141310
 635614 words of memory out of 3000000
 15538 multiletter control sequences out of 15000+200000
 14351 words of font info for 53 fonts, out of 3000000 for 9000
 1027 hyphenation exceptions out of 8191
 44i,11n,48p,1803b,1148s stack positions out of 5000i,500n,10000p,200000b,50000s
<C:/Program Files (x86)/MiKTeX 2.9/fonts/type1/public/amsfonts/cm/cmbx10.pfb>
<C:/Program Files (x86)/MiKTeX 2.9/fonts/type1/public/amsfonts/cm/cmbx12.pfb><C
:/Program Files (x86)/MiKTeX 2.9/fonts/type1/public/amsfonts/cm/cmbxti10.pfb><C
:/Program Files (x86)/MiKTeX 2.9/fonts/type1/public/amsfonts/cm/cmcsc10.pfb><C:
/Program Files (x86)/MiKTeX 2.9/fonts/type1/public/amsfonts/cm/cmr12.pfb><C:/Pr
ogram Files (x86)/MiKTeX 2.9/fonts/type1/public/amsfonts/cm/cmr17.pfb><C:/Progr
am Files (x86)/MiKTeX 2.9/fonts/type1/public/amsfonts/cm/cmss12.pfb><C:/Program
 Files (x86)/MiKTeX 2.9/fonts/type1/public/amsfonts/cm/cmsy10.pfb><C:/Program F
iles (x86)/MiKTeX 2.9/fonts/type1/public/amsfonts/cm/cmsy6.pfb><C:/Program File
s (x86)/MiKTeX 2.9/fonts/type1/public/amsfonts/cm/cmti12.pfb>
Output written on tesibackbone.pdf (23 pages, 213258 bytes).
PDF statistics:
 120 PDF objects out of 1000 (max. 8388607)
 0 named destinations out of 1000 (max. 500000)
 11 words of extra memory for PDF output out of 10000 (max. 10000000)

