This is pdfTeX, Version 3.14159265-2.6-1.40.16 (MiKTeX 2.9) (preloaded format=pdflatex 2015.11.22)  22 NOV 2015 17:31
entering extended mode
**cap1.tex
(cap1.tex
LaTeX2e <2015/10/01> patch level 2
Babel <3.9m> and hyphenation patterns for 69 languages loaded.
! Undefined control sequence.
l.1 \chapter
            {Il sistema di elaborazione di piani di trattamento \textit{RayS...
The control sequence at the end of the top line
of your error message was never \def'ed. If you have
misspelled it (e.g., `\hobx'), type `I' and the correct
spelling (e.g., `I\hbox'). Otherwise just continue,
and I'll forget about whatever was undefined.


! LaTeX Error: Missing \begin{document}.

See the LaTeX manual or LaTeX Companion for explanation.
Type  H <return>  for immediate help.
 ...                                              
                                                  
l.1 \chapter{I
              l sistema di elaborazione di piani di trattamento \textit{RayS...

You're in trouble here.  Try typing  <return>  to proceed.
If that doesn't work, type  X <return>  to quit.

Missing character: There is no I in font nullfont!
Missing character: There is no l in font nullfont!
Missing character: There is no s in font nullfont!
Missing character: There is no i in font nullfont!
Missing character: There is no s in font nullfont!
Missing character: There is no t in font nullfont!
Missing character: There is no e in font nullfont!
Missing character: There is no m in font nullfont!
Missing character: There is no a in font nullfont!
Missing character: There is no d in font nullfont!
Missing character: There is no i in font nullfont!
Missing character: There is no e in font nullfont!
Missing character: There is no l in font nullfont!
Missing character: There is no a in font nullfont!
Missing character: There is no b in font nullfont!
Missing character: There is no o in font nullfont!
Missing character: There is no r in font nullfont!
Missing character: There is no a in font nullfont!
Missing character: There is no z in font nullfont!
Missing character: There is no i in font nullfont!
Missing character: There is no o in font nullfont!
Missing character: There is no n in font nullfont!
Missing character: There is no e in font nullfont!
Missing character: There is no d in font nullfont!
Missing character: There is no i in font nullfont!
Missing character: There is no p in font nullfont!
Missing character: There is no i in font nullfont!
Missing character: There is no a in font nullfont!
Missing character: There is no n in font nullfont!
Missing character: There is no i in font nullfont!
Missing character: There is no d in font nullfont!
Missing character: There is no i in font nullfont!
Missing character: There is no t in font nullfont!
Missing character: There is no r in font nullfont!
Missing character: There is no a in font nullfont!
Missing character: There is no t in font nullfont!
Missing character: There is no t in font nullfont!
Missing character: There is no a in font nullfont!
Missing character: There is no m in font nullfont!
Missing character: There is no e in font nullfont!
Missing character: There is no n in font nullfont!
Missing character: There is no t in font nullfont!
Missing character: There is no o in font nullfont!

! LaTeX Error: No counter 'minitocdepth' defined.

See the LaTeX manual or LaTeX Companion for explanation.
Type  H <return>  for immediate help.
 ...                                              
                                                  
l.2 \setcounter{minitocdepth}{1}
                                
Your command was ignored.
Type  I <command> <return>  to replace it with another command,
or  <return>  to continue without it.

! Undefined control sequence.
l.3 \minitoc
            
The control sequence at the end of the top line
of your error message was never \def'ed. If you have
misspelled it (e.g., `\hobx'), type `I' and the correct
spelling (e.g., `I\hbox'). Otherwise just continue,
and I'll forget about whatever was undefined.


! LaTeX Error: No counter 'minitocdepth' defined.

See the LaTeX manual or LaTeX Companion for explanation.
Type  H <return>  for immediate help.
 ...                                              
                                                  
l.4 \setcounter{minitocdepth}{2}
                                
Your command was ignored.
Type  I <command> <return>  to replace it with another command,
or  <return>  to continue without it.


Overfull \hbox (20.0pt too wide) in paragraph at lines 1--6
[]
 []


Overfull \hbox (34.38309pt too wide) in paragraph at lines 1--6
\OT1/cmr/m/it/10 RaySta-
 []


Overfull \hbox (17.12212pt too wide) in paragraph at lines 1--6
\OT1/cmr/m/it/10 tion
 []


Overfull \hbox (7.94447pt too wide) in paragraph at lines 1--6
\OT1/cmss/m/n/10 In
 []


Overfull \hbox (27.22224pt too wide) in paragraph at lines 1--6
\OT1/cmss/m/n/10 questo
 []


Overfull \hbox (20.1389pt too wide) in paragraph at lines 1--6
\OT1/cmss/m/n/10 capi-
 []


Overfull \hbox (16.00003pt too wide) in paragraph at lines 1--6
\OT1/cmss/m/n/10 tolo
 []


Overfull \hbox (15.80559pt too wide) in paragraph at lines 1--6
\OT1/cmss/m/n/10 ver-
 []


Overfull \hbox (23.55562pt too wide) in paragraph at lines 1--6
\OT1/cmss/m/n/10 ranno
 []


Overfull \hbox (9.1389pt too wide) in paragraph at lines 1--6
\OT1/cmss/m/n/10 ri-
 []


Overfull \hbox (11.97223pt too wide) in paragraph at lines 1--6
\OT1/cmss/m/n/10 as-
 []


Overfull \hbox (20.16667pt too wide) in paragraph at lines 1--6
\OT1/cmss/m/n/10 sunti
 []


Overfull \hbox (2.38889pt too wide) in paragraph at lines 1--6
\OT1/cmss/m/n/10 i
 []


Overfull \hbox (17.94446pt too wide) in paragraph at lines 1--6
\OT1/cmss/m/n/10 con-
 []


Overfull \hbox (18.5pt too wide) in paragraph at lines 1--6
\OT1/cmss/m/n/10 cetti
 []


Overfull \hbox (16.55559pt too wide) in paragraph at lines 1--6
\OT1/cmss/m/n/10 fon-
 []


Overfull \hbox (13.30557pt too wide) in paragraph at lines 1--6
\OT1/cmss/m/n/10 da-
 []


Overfull \hbox (20.8889pt too wide) in paragraph at lines 1--6
\OT1/cmss/m/n/10 men-
 []


Overfull \hbox (21.52782pt too wide) in paragraph at lines 1--6
\OT1/cmss/m/n/10 tali... 
 []

)
! Emergency stop.
<*> cap1.tex
            
*** (job aborted, no legal \end found)

 
Here is how much of TeX's memory you used:
 12 strings out of 493636
 132 string characters out of 3141310
 52604 words of memory out of 3000000
 3495 multiletter control sequences out of 15000+200000
 4291 words of font info for 16 fonts, out of 3000000 for 9000
 1025 hyphenation exceptions out of 8191
 13i,1n,10p,107b,69s stack positions out of 5000i,500n,10000p,200000b,50000s
!  ==> Fatal error occurred, no output PDF file produced!
